============================= test session starts ==============================
platform darwin -- Python 3.8.6, pytest-6.0.2, py-1.9.0, pluggy-0.13.1 -- /usr/local/opt/python@3.8/bin/python3.8
cachedir: .pytest_cache
rootdir: /Users/jonwebb/Desktop/Code_Dev/Python/PyFinances
collecting ... collected 51 items

test_integration.py::test_create_cdf_files PASSED                        [  1%]
test_integration.py::test_no_cdf_files_exist PASSED                      [  3%]
test_mc_funcs.py::test_add_paycheck PASSED                               [  5%]
test_mc_funcs.py::test_no_paycheck PASSED                                [  7%]
test_mc_funcs.py::test_no_deduction_bills PASSED                         [  9%]
test_mc_funcs.py::test_deduction_bills PASSED                            [ 11%]
test_mc_funcs.py::test_deduct_planned_expenses PASSED                    [ 13%]
test_mc_funcs.py::test_no_deuct_planned_expenses PASSED                  [ 15%]
test_mc_funcs.py::test_average_spending_estimate PASSED                  [ 17%]
test_pre_processors.py::test_read_daily_expenses_csv PASSED              [ 19%]
test_pre_processors.py::test_grouped_dataframe_expense PASSED            [ 21%]
test_pre_processors.py::test_discrete_pdf PASSED                         [ 23%]
test_pre_processors.py::test_discrete_pdf_non_normed PASSED              [ 25%]
test_pre_processors.py::test_continuous_pdf_normed PASSED                [ 27%]
test_pre_processors.py::test_continuous_pdf_non_normed PASSED            [ 29%]
test_pre_processors.py::test_discrete_cdf_non_normed PASSED              [ 31%]
test_pre_processors.py::test_discrete_cdf_normed PASSED                  [ 33%]
test_pre_processors.py::test_continuous_cdf_non_normed PASSED            [ 35%]
test_pre_processors.py::test_continuous_cdf_normed PASSED                [ 37%]
test_pre_processors.py::test_create_cdf PASSED                           [ 39%]
test_pre_processors.py::test_hist_pre_processor PASSED                   [ 41%]
test_pre_processors.py::test_read_cdf_files PASSED                       [ 43%]
test_pre_processors.py::test_read_bills PASSED                           [ 45%]
test_pre_processors.py::test_read_planned_expenses PASSED                [ 47%]
test_pre_processors.py::test_read_deductions PASSED                      [ 49%]
test_pre_processors.py::test_make_iteration_dates PASSED                 [ 50%]
test_pre_processors.py::test_make_pay_dates_weekly PASSED                [ 52%]
test_pre_processors.py::test_make_pay_dates_biweekly PASSED              [ 54%]
test_pre_processors.py::test_make_pay_dates_monthly PASSED               [ 56%]
test_pre_processors.py::test_validate_hist_files_exist PASSED            [ 58%]
test_pre_processors.py::test_validate_hist_files_does_not_exist PASSED   [ 60%]
test_pre_processors.py::test_make_mc_dates PASSED                        [ 62%]
test_pre_processors.py::test_read_mc_bills PASSED                        [ 64%]
test_pre_processors.py::test_read_mc_expenses PASSED                     [ 66%]
test_pre_processors.py::test_read_mc_cdf PASSED                          [ 68%]
test_pre_processors.py::test_pay_allocation PASSED                       [ 70%]
test_read_files.py::test_file_not_found PASSED                           [ 72%]
test_read_files.py::test_read_double_list PASSED                         [ 74%]
test_read_files.py::test_read_float PASSED                               [ 76%]
test_read_files.py::test_float_list PASSED                               [ 78%]
test_read_files.py::test_read_integer PASSED                             [ 80%]
test_read_files.py::test_read_integer_list PASSED                        [ 82%]
test_read_files.py::test_read_sentence PASSED                            [ 84%]
test_read_files.py::test_read_string PASSED                              [ 86%]
test_read_files.py::test_read_string_list PASSED                         [ 88%]
test_read_files.py::test_read_hist_true_info PASSED                      [ 90%]
test_read_files.py::test_read_no_hist_info PASSED                        [ 92%]
test_read_files.py::test_read_false_hist_info PASSED                     [ 94%]
test_read_files.py::test_read_bad_freq PASSED                            [ 96%]
test_read_files.py::test_read_pay_date PASSED                            [ 98%]
test_read_files.py::test_read_csv_by_headers PASSED                      [100%]

============================= 51 passed in 38.70s ==============================
Sun Feb  7 20:17:20 MST 2021
