============================= test session starts ==============================
platform darwin -- Python 3.8.6, pytest-6.0.2, py-1.9.0, pluggy-0.13.1 -- /usr/local/opt/python@3.8/bin/python3.8
cachedir: .pytest_cache
rootdir: /Users/jonwebb/Desktop/Code_Dev/Python/PyFinances
collecting ... collected 35 items

test_pre_processors.py::test_read_daily_expenses_csv PASSED              [  2%]
test_pre_processors.py::test_grouped_dataframe_expense PASSED            [  5%]
test_pre_processors.py::test_give_name_here PASSED                       [  8%]
test_pre_processors.py::test_discrete_pdf_non_normed PASSED              [ 11%]
test_pre_processors.py::test_continuous_pdf_normed PASSED                [ 14%]
test_pre_processors.py::test_continuous_pdf_non_normed PASSED            [ 17%]
test_pre_processors.py::test_discrete_cdf_non_normed PASSED              [ 20%]
test_pre_processors.py::test_discrete_cdf_normed PASSED                  [ 22%]
test_pre_processors.py::test_continuous_cdf_non_normed PASSED            [ 25%]
test_pre_processors.py::test_continuous_cdf_normed PASSED                [ 28%]
test_pre_processors.py::test_create_cdf PASSED                           [ 31%]
test_pre_processors.py::test_hist_pre_processor PASSED                   [ 34%]
test_pre_processors.py::test_read_cdf_files PASSED                       [ 37%]
test_pre_processors.py::test_read_bills PASSED                           [ 40%]
test_pre_processors.py::test_read_planned_expenses PASSED                [ 42%]
test_pre_processors.py::test_read_deductions PASSED                      [ 45%]
test_pre_processors.py::test_make_iteration_dates PASSED                 [ 48%]
test_pre_processors.py::test_make_pay_dates_weekly PASSED                [ 51%]
test_pre_processors.py::test_make_pay_dates_biweekly PASSED              [ 54%]
test_pre_processors.py::test_make_pay_dates_monthly PASSED               [ 57%]
test_read_files.py::test_file_not_found PASSED                           [ 60%]
test_read_files.py::test_read_double_list PASSED                         [ 62%]
test_read_files.py::test_read_float PASSED                               [ 65%]
test_read_files.py::test_float_list PASSED                               [ 68%]
test_read_files.py::test_read_integer PASSED                             [ 71%]
test_read_files.py::test_read_integer_list PASSED                        [ 74%]
test_read_files.py::test_read_sentence PASSED                            [ 77%]
test_read_files.py::test_read_string PASSED                              [ 80%]
test_read_files.py::test_read_string_list PASSED                         [ 82%]
test_read_files.py::test_read_hist_true_info PASSED                      [ 85%]
test_read_files.py::test_read_no_hist_info PASSED                        [ 88%]
test_read_files.py::test_read_false_hist_info PASSED                     [ 91%]
test_read_files.py::test_read_bad_freq PASSED                            [ 94%]
test_read_files.py::test_read_pay_date PASSED                            [ 97%]
test_read_files.py::test_read_csv_by_headers PASSED                      [100%]

============================== 35 passed in 6.99s ==============================
Tue Feb  2 18:40:26 MST 2021
