============================= test session starts ==============================
platform darwin -- Python 3.8.6, pytest-6.0.2, py-1.9.0, pluggy-0.13.1 -- /usr/local/opt/python@3.8/bin/python3.8
cachedir: .pytest_cache
rootdir: /Users/jonwebb/Desktop/Code_Dev/Python/PyFinances
collecting ... collected 41 items

test_pre_processors.py::test_read_daily_expenses_csv PASSED              [  2%]
test_pre_processors.py::test_grouped_dataframe_expense PASSED            [  4%]
test_pre_processors.py::test_give_name_here PASSED                       [  7%]
test_pre_processors.py::test_discrete_pdf_non_normed PASSED              [  9%]
test_pre_processors.py::test_continuous_pdf_normed PASSED                [ 12%]
test_pre_processors.py::test_continuous_pdf_non_normed PASSED            [ 14%]
test_pre_processors.py::test_discrete_cdf_non_normed PASSED              [ 17%]
test_pre_processors.py::test_discrete_cdf_normed PASSED                  [ 19%]
test_pre_processors.py::test_continuous_cdf_non_normed PASSED            [ 21%]
test_pre_processors.py::test_continuous_cdf_normed PASSED                [ 24%]
test_pre_processors.py::test_create_cdf PASSED                           [ 26%]
test_pre_processors.py::test_hist_pre_processor PASSED                   [ 29%]
test_pre_processors.py::test_read_cdf_files PASSED                       [ 31%]
test_pre_processors.py::test_read_bills PASSED                           [ 34%]
test_pre_processors.py::test_read_planned_expenses PASSED                [ 36%]
test_pre_processors.py::test_read_deductions PASSED                      [ 39%]
test_pre_processors.py::test_make_iteration_dates PASSED                 [ 41%]
test_pre_processors.py::test_make_pay_dates_weekly PASSED                [ 43%]
test_pre_processors.py::test_make_pay_dates_biweekly PASSED              [ 46%]
test_pre_processors.py::test_make_pay_dates_monthly PASSED               [ 48%]
test_pre_processors.py::test_validate_hist_files_exist PASSED            [ 51%]
test_pre_processors.py::test_validate_hist_files_does_not_exist PASSED   [ 53%]
test_pre_processors.py::test_make_mc_dates PASSED                        [ 56%]
test_pre_processors.py::test_read_mc_bills PASSED                        [ 58%]
test_pre_processors.py::test_read_mc_expenses PASSED                     [ 60%]
test_pre_processors.py::test_read_mc_cdf PASSED                          [ 63%]
test_read_files.py::test_file_not_found PASSED                           [ 65%]
test_read_files.py::test_read_double_list PASSED                         [ 68%]
test_read_files.py::test_read_float PASSED                               [ 70%]
test_read_files.py::test_float_list PASSED                               [ 73%]
test_read_files.py::test_read_integer PASSED                             [ 75%]
test_read_files.py::test_read_integer_list PASSED                        [ 78%]
test_read_files.py::test_read_sentence PASSED                            [ 80%]
test_read_files.py::test_read_string PASSED                              [ 82%]
test_read_files.py::test_read_string_list PASSED                         [ 85%]
test_read_files.py::test_read_hist_true_info PASSED                      [ 87%]
test_read_files.py::test_read_no_hist_info PASSED                        [ 90%]
test_read_files.py::test_read_false_hist_info PASSED                     [ 92%]
test_read_files.py::test_read_bad_freq PASSED                            [ 95%]
test_read_files.py::test_read_pay_date PASSED                            [ 97%]
test_read_files.py::test_read_csv_by_headers PASSED                      [100%]

============================== 41 passed in 9.31s ==============================
Wed Feb  3 08:03:28 MST 2021
