============================= test session starts ==============================
platform darwin -- Python 3.8.6, pytest-6.0.2, py-1.9.0, pluggy-0.13.1 -- /usr/local/opt/python@3.8/bin/python3.8
cachedir: .pytest_cache
rootdir: /Users/jonwebb/Desktop/Code_Dev/Python/PyFinances
collecting ... collected 48 items

test_integration.py::test_create_cdf_files PASSED                        [  2%]
test_integration.py::test_no_cdf_files_exist PASSED                      [  4%]
test_mc_funcs.py::test_add_paycheck PASSED                               [  6%]
test_mc_funcs.py::test_no_paycheck PASSED                                [  8%]
test_mc_funcs.py::test_no_deduction_bills PASSED                         [ 10%]
test_mc_funcs.py::test_deduction_bills PASSED                            [ 12%]
test_pre_processors.py::test_read_daily_expenses_csv PASSED              [ 14%]
test_pre_processors.py::test_grouped_dataframe_expense PASSED            [ 16%]
test_pre_processors.py::test_discrete_pdf PASSED                         [ 18%]
test_pre_processors.py::test_discrete_pdf_non_normed PASSED              [ 20%]
test_pre_processors.py::test_continuous_pdf_normed PASSED                [ 22%]
test_pre_processors.py::test_continuous_pdf_non_normed PASSED            [ 25%]
test_pre_processors.py::test_discrete_cdf_non_normed PASSED              [ 27%]
test_pre_processors.py::test_discrete_cdf_normed PASSED                  [ 29%]
test_pre_processors.py::test_continuous_cdf_non_normed PASSED            [ 31%]
test_pre_processors.py::test_continuous_cdf_normed PASSED                [ 33%]
test_pre_processors.py::test_create_cdf PASSED                           [ 35%]
test_pre_processors.py::test_hist_pre_processor PASSED                   [ 37%]
test_pre_processors.py::test_read_cdf_files PASSED                       [ 39%]
test_pre_processors.py::test_read_bills PASSED                           [ 41%]
test_pre_processors.py::test_read_planned_expenses PASSED                [ 43%]
test_pre_processors.py::test_read_deductions PASSED                      [ 45%]
test_pre_processors.py::test_make_iteration_dates PASSED                 [ 47%]
test_pre_processors.py::test_make_pay_dates_weekly PASSED                [ 50%]
test_pre_processors.py::test_make_pay_dates_biweekly PASSED              [ 52%]
test_pre_processors.py::test_make_pay_dates_monthly PASSED               [ 54%]
test_pre_processors.py::test_validate_hist_files_exist PASSED            [ 56%]
test_pre_processors.py::test_validate_hist_files_does_not_exist PASSED   [ 58%]
test_pre_processors.py::test_make_mc_dates PASSED                        [ 60%]
test_pre_processors.py::test_read_mc_bills PASSED                        [ 62%]
test_pre_processors.py::test_read_mc_expenses PASSED                     [ 64%]
test_pre_processors.py::test_read_mc_cdf PASSED                          [ 66%]
test_pre_processors.py::test_pay_allocation PASSED                       [ 68%]
test_read_files.py::test_file_not_found PASSED                           [ 70%]
test_read_files.py::test_read_double_list PASSED                         [ 72%]
test_read_files.py::test_read_float PASSED                               [ 75%]
test_read_files.py::test_float_list PASSED                               [ 77%]
test_read_files.py::test_read_integer PASSED                             [ 79%]
test_read_files.py::test_read_integer_list PASSED                        [ 81%]
test_read_files.py::test_read_sentence PASSED                            [ 83%]
test_read_files.py::test_read_string PASSED                              [ 85%]
test_read_files.py::test_read_string_list PASSED                         [ 87%]
test_read_files.py::test_read_hist_true_info PASSED                      [ 89%]
test_read_files.py::test_read_no_hist_info PASSED                        [ 91%]
test_read_files.py::test_read_false_hist_info PASSED                     [ 93%]
test_read_files.py::test_read_bad_freq PASSED                            [ 95%]
test_read_files.py::test_read_pay_date PASSED                            [ 97%]
test_read_files.py::test_read_csv_by_headers PASSED                      [100%]

============================= 48 passed in 16.00s ==============================
Sat Feb  6 10:04:35 MST 2021
