============================= test session starts ==============================
platform darwin -- Python 3.8.6, pytest-6.0.2, py-1.9.0, pluggy-0.13.1 -- /usr/local/opt/python@3.8/bin/python3.8
cachedir: .pytest_cache
rootdir: /Users/jonwebb/Desktop/Code_Dev/Python/PyFinances
collecting ... collected 30 items

test_pre_processors.py::test_read_daily_expenses_csv PASSED              [  3%]
test_pre_processors.py::test_grouped_dataframe_expense PASSED            [  6%]
test_pre_processors.py::test_give_name_here PASSED                       [ 10%]
test_pre_processors.py::test_discrete_pdf_non_normed PASSED              [ 13%]
test_pre_processors.py::test_continuous_pdf_normed PASSED                [ 16%]
test_pre_processors.py::test_continuous_pdf_non_normed PASSED            [ 20%]
test_pre_processors.py::test_discrete_cdf_non_normed PASSED              [ 23%]
test_pre_processors.py::test_discrete_cdf_normed PASSED                  [ 26%]
test_pre_processors.py::test_continuous_cdf_non_normed PASSED            [ 30%]
test_pre_processors.py::test_continuous_cdf_normed PASSED                [ 33%]
test_pre_processors.py::test_create_cdf PASSED                           [ 36%]
test_pre_processors.py::test_hist_pre_processor PASSED                   [ 40%]
test_pre_processors.py::test_read_cdf_files PASSED                       [ 43%]
test_pre_processors.py::test_read_bills PASSED                           [ 46%]
test_pre_processors.py::test_read_planned_expenses PASSED                [ 50%]
test_read_files.py::test_file_not_found PASSED                           [ 53%]
test_read_files.py::test_read_double_list PASSED                         [ 56%]
test_read_files.py::test_read_float PASSED                               [ 60%]
test_read_files.py::test_float_list PASSED                               [ 63%]
test_read_files.py::test_read_integer PASSED                             [ 66%]
test_read_files.py::test_read_integer_list PASSED                        [ 70%]
test_read_files.py::test_read_sentence PASSED                            [ 73%]
test_read_files.py::test_read_string PASSED                              [ 76%]
test_read_files.py::test_read_string_list PASSED                         [ 80%]
test_read_files.py::test_read_hist_true_info PASSED                      [ 83%]
test_read_files.py::test_read_no_hist_info PASSED                        [ 86%]
test_read_files.py::test_read_false_hist_info PASSED                     [ 90%]
test_read_files.py::test_read_bad_freq PASSED                            [ 93%]
test_read_files.py::test_read_pay_date PASSED                            [ 96%]
test_read_files.py::test_read_csv_by_headers PASSED                      [100%]

============================== 30 passed in 7.19s ==============================
Thu Jan 28 17:56:56 MST 2021
