============================= test session starts ==============================
platform darwin -- Python 3.8.6, pytest-6.0.2, py-1.9.0, pluggy-0.13.1 -- /usr/local/opt/python@3.8/bin/python3.8
cachedir: .pytest_cache
rootdir: /Users/jonwebb/Desktop/Code_Dev/Python/PyFinances
collecting ... collected 36 items

test_monte_carlo.py::test_give_name_here PASSED                          [  2%]
test_pre_processors.py::test_read_daily_expenses_csv PASSED              [  5%]
test_pre_processors.py::test_grouped_dataframe_expense PASSED            [  8%]
test_pre_processors.py::test_give_name_here PASSED                       [ 11%]
test_pre_processors.py::test_discrete_pdf_non_normed PASSED              [ 13%]
test_pre_processors.py::test_continuous_pdf_normed PASSED                [ 16%]
test_pre_processors.py::test_continuous_pdf_non_normed PASSED            [ 19%]
test_pre_processors.py::test_discrete_cdf_non_normed PASSED              [ 22%]
test_pre_processors.py::test_discrete_cdf_normed PASSED                  [ 25%]
test_pre_processors.py::test_continuous_cdf_non_normed PASSED            [ 27%]
test_pre_processors.py::test_continuous_cdf_normed PASSED                [ 30%]
test_pre_processors.py::test_create_cdf PASSED                           [ 33%]
test_pre_processors.py::test_hist_pre_processor PASSED                   [ 36%]
test_pre_processors.py::test_read_cdf_files PASSED                       [ 38%]
test_pre_processors.py::test_read_bills PASSED                           [ 41%]
test_pre_processors.py::test_read_planned_expenses PASSED                [ 44%]
test_pre_processors.py::test_read_deductions PASSED                      [ 47%]
test_pre_processors.py::test_make_dates PASSED                           [ 50%]
test_pre_processors.py::test_make_pay_dates_weekly PASSED                [ 52%]
test_pre_processors.py::test_make_pay_dates_biweekly PASSED              [ 55%]
test_pre_processors.py::test_make_pay_dates_monthly PASSED               [ 58%]
test_read_files.py::test_file_not_found PASSED                           [ 61%]
test_read_files.py::test_read_double_list PASSED                         [ 63%]
test_read_files.py::test_read_float PASSED                               [ 66%]
test_read_files.py::test_float_list PASSED                               [ 69%]
test_read_files.py::test_read_integer PASSED                             [ 72%]
test_read_files.py::test_read_integer_list PASSED                        [ 75%]
test_read_files.py::test_read_sentence PASSED                            [ 77%]
test_read_files.py::test_read_string PASSED                              [ 80%]
test_read_files.py::test_read_string_list PASSED                         [ 83%]
test_read_files.py::test_read_hist_true_info PASSED                      [ 86%]
test_read_files.py::test_read_no_hist_info PASSED                        [ 88%]
test_read_files.py::test_read_false_hist_info PASSED                     [ 91%]
test_read_files.py::test_read_bad_freq PASSED                            [ 94%]
test_read_files.py::test_read_pay_date PASSED                            [ 97%]
test_read_files.py::test_read_csv_by_headers PASSED                      [100%]

============================== 36 passed in 7.52s ==============================
Mon Feb  1 08:10:17 MST 2021
