============================= test session starts ==============================
platform darwin -- Python 3.8.6, pytest-6.0.2, py-1.9.0, pluggy-0.13.1 -- /usr/local/opt/python@3.8/bin/python3.8
cachedir: .pytest_cache
rootdir: /Users/jonwebb/Desktop/Code_Dev/Python/PyFinances
collecting ... collected 26 items

test_pre_processors.py::test_read_daily_expenses_csv PASSED              [  3%]
test_pre_processors.py::test_grouped_dataframe_expense PASSED            [  7%]
test_pre_processors.py::test_give_name_here PASSED                       [ 11%]
test_pre_processors.py::test_discrete_pdf_non_normed PASSED              [ 15%]
test_pre_processors.py::test_continuous_pdf_normed PASSED                [ 19%]
test_pre_processors.py::test_continuous_pdf_non_normed PASSED            [ 23%]
test_pre_processors.py::test_discrete_cdf_non_normed PASSED              [ 26%]
test_pre_processors.py::test_discrete_cdf_normed PASSED                  [ 30%]
test_pre_processors.py::test_continuous_cdf_non_normed PASSED            [ 34%]
test_pre_processors.py::test_continuous_cdf_normed PASSED                [ 38%]
test_pre_processors.py::test_create_cdf PASSED                           [ 42%]
test_read_files.py::test_file_not_found PASSED                           [ 46%]
test_read_files.py::test_read_double_list PASSED                         [ 50%]
test_read_files.py::test_read_float PASSED                               [ 53%]
test_read_files.py::test_float_list PASSED                               [ 57%]
test_read_files.py::test_read_integer PASSED                             [ 61%]
test_read_files.py::test_read_integer_list PASSED                        [ 65%]
test_read_files.py::test_read_sentence PASSED                            [ 69%]
test_read_files.py::test_read_string PASSED                              [ 73%]
test_read_files.py::test_read_string_list PASSED                         [ 76%]
test_read_files.py::test_read_hist_true_info PASSED                      [ 80%]
test_read_files.py::test_read_no_hist_info PASSED                        [ 84%]
test_read_files.py::test_read_false_hist_info PASSED                     [ 88%]
test_read_files.py::test_read_bad_freq PASSED                            [ 92%]
test_read_files.py::test_read_pay_date PASSED                            [ 96%]
test_read_files.py::test_read_csv_by_headers PASSED                      [100%]

============================== 26 passed in 5.82s ==============================
Wed Jan 27 10:09:13 MST 2021
