============================= test session starts ==============================
platform darwin -- Python 3.8.6, pytest-6.0.2, py-1.9.0, pluggy-0.13.1 -- /usr/local/opt/python@3.8/bin/python3.8
cachedir: .pytest_cache
rootdir: /Users/jonwebb/Desktop/Code_Dev/Python/PyFinances
collecting ... collected 27 items

test_pre_processors.py::test_read_daily_expenses_csv PASSED              [  3%]
test_pre_processors.py::test_grouped_dataframe_expense PASSED            [  7%]
test_pre_processors.py::test_give_name_here PASSED                       [ 11%]
test_pre_processors.py::test_discrete_pdf_non_normed PASSED              [ 14%]
test_pre_processors.py::test_continuous_pdf_normed PASSED                [ 18%]
test_pre_processors.py::test_continuous_pdf_non_normed PASSED            [ 22%]
test_pre_processors.py::test_discrete_cdf_non_normed PASSED              [ 25%]
test_pre_processors.py::test_discrete_cdf_normed PASSED                  [ 29%]
test_pre_processors.py::test_continuous_cdf_non_normed PASSED            [ 33%]
test_pre_processors.py::test_continuous_cdf_normed PASSED                [ 37%]
test_pre_processors.py::test_create_cdf PASSED                           [ 40%]
test_pre_processors.py::test_hist_pre_processor PASSED                   [ 44%]
test_read_files.py::test_file_not_found PASSED                           [ 48%]
test_read_files.py::test_read_double_list PASSED                         [ 51%]
test_read_files.py::test_read_float PASSED                               [ 55%]
test_read_files.py::test_float_list PASSED                               [ 59%]
test_read_files.py::test_read_integer PASSED                             [ 62%]
test_read_files.py::test_read_integer_list PASSED                        [ 66%]
test_read_files.py::test_read_sentence PASSED                            [ 70%]
test_read_files.py::test_read_string PASSED                              [ 74%]
test_read_files.py::test_read_string_list PASSED                         [ 77%]
test_read_files.py::test_read_hist_true_info PASSED                      [ 81%]
test_read_files.py::test_read_no_hist_info PASSED                        [ 85%]
test_read_files.py::test_read_false_hist_info PASSED                     [ 88%]
test_read_files.py::test_read_bad_freq PASSED                            [ 92%]
test_read_files.py::test_read_pay_date PASSED                            [ 96%]
test_read_files.py::test_read_csv_by_headers PASSED                      [100%]

============================== 27 passed in 7.82s ==============================
Tue Feb  2 12:53:08 MST 2021
