============================= test session starts ==============================
platform darwin -- Python 3.8.6, pytest-6.0.2, py-1.9.0, pluggy-0.13.1 -- /usr/local/opt/python@3.8/bin/python3.8
cachedir: .pytest_cache
rootdir: /Users/jonwebb/Desktop/Code_Dev/Python/PyFinances
collecting ... collected 14 items

test_read_files.py::test_file_not_found PASSED
test_read_files.py::test_read_double_list PASSED
test_read_files.py::test_read_float PASSED
test_read_files.py::test_float_list PASSED
test_read_files.py::test_read_integer PASSED
test_read_files.py::test_read_integer_list PASSED
test_read_files.py::test_read_sentence PASSED
test_read_files.py::test_read_string PASSED
test_read_files.py::test_read_string_list PASSED
test_read_files.py::test_read_hist_true_info PASSED
test_read_files.py::test_read_no_hist_info PASSED
test_read_files.py::test_read_false_hist_info PASSED
test_read_files.py::test_read_bad_freq PASSED
test_read_files.py::test_read_pay_date PASSED

============================== 14 passed in 0.25s ==============================
