============================= test session starts ==============================
platform darwin -- Python 3.8.6, pytest-6.0.2, py-1.9.0, pluggy-0.13.1 -- /usr/local/opt/python@3.8/bin/python3.8
cachedir: .pytest_cache
rootdir: /Users/jonwebb/Desktop/Code_Dev/Python/PyFinances
collecting ... collected 25 items

test_pre_processors.py::test_read_daily_expenses_csv PASSED              [  4%]
test_pre_processors.py::test_grouped_dataframe_expense PASSED            [  8%]
test_pre_processors.py::test_give_name_here PASSED                       [ 12%]
test_pre_processors.py::test_discrete_pdf_non_normed PASSED              [ 16%]
test_pre_processors.py::test_continuous_pdf_normed PASSED                [ 20%]
test_pre_processors.py::test_continuous_pdf_non_normed PASSED            [ 24%]
test_pre_processors.py::test_discrete_cdf_non_normed PASSED              [ 28%]
test_pre_processors.py::test_discrete_cdf_normed PASSED                  [ 32%]
test_pre_processors.py::test_continuous_cdf_non_normed PASSED            [ 36%]
test_pre_processors.py::test_continuous_cdf_normed PASSED                [ 40%]
test_read_files.py::test_file_not_found PASSED                           [ 44%]
test_read_files.py::test_read_double_list PASSED                         [ 48%]
test_read_files.py::test_read_float PASSED                               [ 52%]
test_read_files.py::test_float_list PASSED                               [ 56%]
test_read_files.py::test_read_integer PASSED                             [ 60%]
test_read_files.py::test_read_integer_list PASSED                        [ 64%]
test_read_files.py::test_read_sentence PASSED                            [ 68%]
test_read_files.py::test_read_string PASSED                              [ 72%]
test_read_files.py::test_read_string_list PASSED                         [ 76%]
test_read_files.py::test_read_hist_true_info PASSED                      [ 80%]
test_read_files.py::test_read_no_hist_info PASSED                        [ 84%]
test_read_files.py::test_read_false_hist_info PASSED                     [ 88%]
test_read_files.py::test_read_bad_freq PASSED                            [ 92%]
test_read_files.py::test_read_pay_date PASSED                            [ 96%]
test_read_files.py::test_read_csv_by_headers PASSED                      [100%]

============================== 25 passed in 2.79s ==============================
Wed Jan 27 06:32:06 MST 2021
