============================= test session starts ==============================
platform darwin -- Python 3.8.6, pytest-6.0.2, py-1.9.0, pluggy-0.13.1 -- /usr/local/opt/python@3.8/bin/python3.8
cachedir: .pytest_cache
rootdir: /Users/jonwebb/Desktop/Code_Dev/Python/PyFinances
collecting ... collected 45 items

test_integration.py::test_create_cdf_files PASSED                        [  2%]
test_integration.py::test_no_cdf_files_exist PASSED                      [  4%]
test_mc_funcs.py::test_add_paycheck PASSED                               [  6%]
test_pre_processors.py::test_read_daily_expenses_csv PASSED              [  8%]
test_pre_processors.py::test_grouped_dataframe_expense PASSED            [ 11%]
test_pre_processors.py::test_discrete_pdf PASSED                         [ 13%]
test_pre_processors.py::test_discrete_pdf_non_normed PASSED              [ 15%]
test_pre_processors.py::test_continuous_pdf_normed PASSED                [ 17%]
test_pre_processors.py::test_continuous_pdf_non_normed PASSED            [ 20%]
test_pre_processors.py::test_discrete_cdf_non_normed PASSED              [ 22%]
test_pre_processors.py::test_discrete_cdf_normed PASSED                  [ 24%]
test_pre_processors.py::test_continuous_cdf_non_normed PASSED            [ 26%]
test_pre_processors.py::test_continuous_cdf_normed PASSED                [ 28%]
test_pre_processors.py::test_create_cdf PASSED                           [ 31%]
test_pre_processors.py::test_hist_pre_processor PASSED                   [ 33%]
test_pre_processors.py::test_read_cdf_files PASSED                       [ 35%]
test_pre_processors.py::test_read_bills PASSED                           [ 37%]
test_pre_processors.py::test_read_planned_expenses PASSED                [ 40%]
test_pre_processors.py::test_read_deductions PASSED                      [ 42%]
test_pre_processors.py::test_make_iteration_dates PASSED                 [ 44%]
test_pre_processors.py::test_make_pay_dates_weekly PASSED                [ 46%]
test_pre_processors.py::test_make_pay_dates_biweekly PASSED              [ 48%]
test_pre_processors.py::test_make_pay_dates_monthly PASSED               [ 51%]
test_pre_processors.py::test_validate_hist_files_exist PASSED            [ 53%]
test_pre_processors.py::test_validate_hist_files_does_not_exist PASSED   [ 55%]
test_pre_processors.py::test_make_mc_dates PASSED                        [ 57%]
test_pre_processors.py::test_read_mc_bills PASSED                        [ 60%]
test_pre_processors.py::test_read_mc_expenses PASSED                     [ 62%]
test_pre_processors.py::test_read_mc_cdf PASSED                          [ 64%]
test_pre_processors.py::test_pay_allocation PASSED                       [ 66%]
test_read_files.py::test_file_not_found PASSED                           [ 68%]
test_read_files.py::test_read_double_list PASSED                         [ 71%]
test_read_files.py::test_read_float PASSED                               [ 73%]
test_read_files.py::test_float_list PASSED                               [ 75%]
test_read_files.py::test_read_integer PASSED                             [ 77%]
test_read_files.py::test_read_integer_list PASSED                        [ 80%]
test_read_files.py::test_read_sentence PASSED                            [ 82%]
test_read_files.py::test_read_string PASSED                              [ 84%]
test_read_files.py::test_read_string_list PASSED                         [ 86%]
test_read_files.py::test_read_hist_true_info PASSED                      [ 88%]
test_read_files.py::test_read_no_hist_info PASSED                        [ 91%]
test_read_files.py::test_read_false_hist_info PASSED                     [ 93%]
test_read_files.py::test_read_bad_freq PASSED                            [ 95%]
test_read_files.py::test_read_pay_date PASSED                            [ 97%]
test_read_files.py::test_read_csv_by_headers PASSED                      [100%]

============================= 45 passed in 17.11s ==============================
Sat Feb  6 08:42:48 MST 2021
