============================= test session starts ==============================
platform darwin -- Python 3.8.6, pytest-6.0.2, py-1.9.0, pluggy-0.13.1 -- /usr/local/opt/python@3.8/bin/python3.8
cachedir: .pytest_cache
rootdir: /Users/jonwebb/Desktop/Code_Dev/Python/PyFinances
collecting ... collected 17 items

test_read_files.py::test_file_not_found PASSED                           [  5%]
test_read_files.py::test_read_double_list PASSED                         [ 11%]
test_read_files.py::test_read_float PASSED                               [ 17%]
test_read_files.py::test_float_list PASSED                               [ 23%]
test_read_files.py::test_read_integer PASSED                             [ 29%]
test_read_files.py::test_read_integer_list PASSED                        [ 35%]
test_read_files.py::test_read_sentence PASSED                            [ 41%]
test_read_files.py::test_read_string PASSED                              [ 47%]
test_read_files.py::test_read_string_list PASSED                         [ 52%]
test_read_files.py::test_read_hist_true_info PASSED                      [ 58%]
test_read_files.py::test_read_no_hist_info PASSED                        [ 64%]
test_read_files.py::test_read_false_hist_info PASSED                     [ 70%]
test_read_files.py::test_read_bad_freq PASSED                            [ 76%]
test_read_files.py::test_read_pay_date PASSED                            [ 82%]
test_read_files.py::test_read_csv_by_headers PASSED                      [ 88%]
test_read_files.py::test_read_daily_expenses_csv PASSED                  [ 94%]
test_read_files.py::test_grouped_dataframe_expense PASSED                [100%]

============================== 17 passed in 3.53s ==============================
Tue Jan 26 18:08:35 MST 2021
