============================= test session starts ==============================
platform darwin -- Python 3.8.6, pytest-6.0.2, py-1.9.0, pluggy-0.13.1 -- /usr/local/opt/python@3.8/bin/python3.8
cachedir: .pytest_cache
rootdir: /Users/jonwebb/Desktop/Code_Dev/Python/PyFinances
collecting ... collected 38 items

test_pre_processors.py::test_read_daily_expenses_csv PASSED              [  2%]
test_pre_processors.py::test_grouped_dataframe_expense PASSED            [  5%]
test_pre_processors.py::test_give_name_here PASSED                       [  7%]
test_pre_processors.py::test_discrete_pdf_non_normed PASSED              [ 10%]
test_pre_processors.py::test_continuous_pdf_normed PASSED                [ 13%]
test_pre_processors.py::test_continuous_pdf_non_normed PASSED            [ 15%]
test_pre_processors.py::test_discrete_cdf_non_normed PASSED              [ 18%]
test_pre_processors.py::test_discrete_cdf_normed PASSED                  [ 21%]
test_pre_processors.py::test_continuous_cdf_non_normed PASSED            [ 23%]
test_pre_processors.py::test_continuous_cdf_normed PASSED                [ 26%]
test_pre_processors.py::test_create_cdf PASSED                           [ 28%]
test_pre_processors.py::test_hist_pre_processor PASSED                   [ 31%]
test_pre_processors.py::test_read_cdf_files PASSED                       [ 34%]
test_pre_processors.py::test_read_bills PASSED                           [ 36%]
test_pre_processors.py::test_read_planned_expenses PASSED                [ 39%]
test_pre_processors.py::test_read_deductions PASSED                      [ 42%]
test_pre_processors.py::test_make_iteration_dates PASSED                 [ 44%]
test_pre_processors.py::test_make_pay_dates_weekly PASSED                [ 47%]
test_pre_processors.py::test_make_pay_dates_biweekly PASSED              [ 50%]
test_pre_processors.py::test_make_pay_dates_monthly PASSED               [ 52%]
test_pre_processors.py::test_validate_hist_files_exist PASSED            [ 55%]
test_pre_processors.py::test_validate_hist_files_does_not_exist PASSED   [ 57%]
test_pre_processors.py::test_make_mc_dates PASSED                        [ 60%]
test_read_files.py::test_file_not_found PASSED                           [ 63%]
test_read_files.py::test_read_double_list PASSED                         [ 65%]
test_read_files.py::test_read_float PASSED                               [ 68%]
test_read_files.py::test_float_list PASSED                               [ 71%]
test_read_files.py::test_read_integer PASSED                             [ 73%]
test_read_files.py::test_read_integer_list PASSED                        [ 76%]
test_read_files.py::test_read_sentence PASSED                            [ 78%]
test_read_files.py::test_read_string PASSED                              [ 81%]
test_read_files.py::test_read_string_list PASSED                         [ 84%]
test_read_files.py::test_read_hist_true_info PASSED                      [ 86%]
test_read_files.py::test_read_no_hist_info PASSED                        [ 89%]
test_read_files.py::test_read_false_hist_info PASSED                     [ 92%]
test_read_files.py::test_read_bad_freq PASSED                            [ 94%]
test_read_files.py::test_read_pay_date PASSED                            [ 97%]
test_read_files.py::test_read_csv_by_headers PASSED                      [100%]

============================== 38 passed in 9.25s ==============================
Wed Feb  3 06:53:47 MST 2021
